SF:lib\models\exercise.dart
DA:11,1
DA:22,1
DA:23,1
DA:25,1
DA:26,1
DA:27,1
DA:28,1
DA:29,1
DA:30,1
DA:31,1
DA:35,2
DA:36,1
DA:37,1
DA:38,1
DA:39,1
DA:40,1
DA:41,1
DA:42,1
LF:18
LH:18
end_of_record
SF:lib\UI\pages\training_page.dart
DA:23,2
DA:33,2
DA:34,2
DA:51,6
DA:54,2
DA:55,2
DA:57,2
DA:58,2
DA:59,6
DA:60,1
DA:63,2
DA:66,1
DA:67,7
DA:69,4
DA:70,7
DA:77,1
DA:78,3
DA:79,5
DA:83,4
DA:84,7
DA:85,7
DA:92,0
DA:94,0
DA:95,0
DA:98,2
DA:100,2
DA:101,6
DA:102,6
DA:103,6
DA:104,6
DA:105,4
DA:106,2
DA:107,2
DA:109,6
DA:110,2
DA:114,2
DA:116,2
DA:117,5
DA:121,2
DA:122,4
DA:123,3
DA:124,1
DA:125,2
DA:126,1
DA:127,1
DA:128,1
DA:129,1
DA:130,1
DA:131,2
DA:132,1
DA:133,1
DA:136,1
DA:139,1
DA:140,2
DA:143,3
DA:144,2
DA:148,2
DA:149,4
DA:152,4
DA:155,0
DA:156,0
DA:157,0
DA:165,2
DA:167,4
DA:168,4
DA:169,2
DA:172,0
DA:174,0
DA:176,0
DA:177,0
DA:178,0
DA:179,0
DA:183,1
DA:185,5
DA:186,1
DA:192,2
DA:194,4
DA:196,2
DA:198,4
DA:199,6
DA:200,4
DA:201,2
DA:204,4
DA:205,4
DA:212,2
DA:214,4
DA:220,1
DA:221,1
DA:224,1
DA:225,0
DA:226,0
DA:227,0
DA:232,0
DA:233,0
DA:234,0
DA:237,0
DA:238,0
DA:248,1
DA:249,1
DA:250,2
DA:253,1
DA:254,1
DA:255,3
DA:258,1
DA:259,0
DA:266,1
DA:267,1
DA:268,1
DA:269,1
DA:270,1
DA:271,1
DA:276,0
DA:279,2
DA:280,2
DA:281,6
DA:282,2
DA:283,2
DA:284,0
DA:289,0
DA:290,0
DA:292,0
DA:293,0
DA:294,0
DA:295,0
DA:296,0
DA:297,0
DA:300,0
DA:302,0
DA:305,0
DA:306,0
DA:307,0
DA:308,0
DA:311,0
DA:312,0
DA:316,0
DA:322,0
DA:323,0
DA:324,0
DA:325,0
DA:327,0
DA:329,0
DA:333,1
DA:335,4
DA:336,1
DA:337,3
DA:339,0
DA:343,1
DA:344,1
DA:345,1
DA:346,2
DA:351,1
DA:352,1
DA:353,0
DA:356,1
DA:357,1
DA:358,1
DA:359,1
DA:361,1
DA:363,5
DA:371,2
DA:372,2
DA:373,6
DA:375,6
DA:376,1
DA:380,2
DA:381,5
DA:384,7
DA:385,2
DA:388,6
DA:390,4
DA:391,2
DA:393,4
DA:394,2
DA:395,6
DA:398,2
DA:399,6
DA:401,0
DA:403,8
DA:407,2
DA:409,2
DA:410,2
DA:413,2
DA:415,0
DA:416,0
DA:417,0
DA:419,2
DA:420,2
DA:421,2
DA:423,1
DA:424,1
DA:425,1
DA:426,1
DA:429,4
DA:430,2
DA:431,2
DA:432,1
DA:434,1
DA:438,2
DA:440,2
DA:442,2
DA:443,2
DA:445,2
DA:446,4
DA:448,2
DA:450,2
DA:458,2
DA:459,2
DA:460,2
DA:465,1
DA:466,4
DA:471,2
DA:472,2
DA:473,4
DA:474,4
DA:475,4
DA:476,10
DA:477,2
DA:478,0
DA:479,0
DA:480,0
DA:482,0
DA:483,0
DA:484,0
DA:485,0
DA:486,0
DA:488,0
DA:489,0
DA:490,0
DA:496,2
DA:497,2
DA:498,2
DA:499,2
DA:500,2
DA:501,2
DA:504,2
DA:508,2
DA:510,2
DA:511,4
DA:514,2
LF:239
LH:176
end_of_record
SF:lib\UI\pages\trainings_history_page.dart
DA:12,2
DA:14,2
DA:15,2
DA:24,2
DA:26,2
DA:27,6
DA:28,6
DA:29,6
DA:30,2
DA:33,2
DA:34,4
DA:35,2
DA:36,4
DA:37,2
DA:42,0
DA:43,0
DA:44,0
DA:46,0
DA:47,0
DA:52,1
DA:53,2
DA:54,1
DA:56,2
DA:57,3
DA:62,2
DA:64,4
DA:66,2
DA:67,2
DA:69,2
DA:70,4
DA:71,2
DA:73,2
DA:75,2
DA:76,2
DA:81,2
DA:83,2
DA:85,2
DA:86,2
DA:91,2
DA:92,2
DA:93,2
DA:94,2
DA:95,1
DA:96,1
DA:98,1
DA:101,1
DA:102,0
DA:103,0
DA:111,4
DA:115,2
DA:116,2
DA:122,2
DA:123,2
DA:124,2
DA:125,2
DA:126,2
DA:128,2
DA:129,4
DA:130,2
DA:131,10
DA:134,0
DA:135,0
DA:139,0
DA:140,0
DA:141,0
LF:65
LH:53
end_of_record
SF:lib\infrastructure\services\firebase\training_service.dart
DA:11,1
DA:12,0
DA:13,0
DA:15,1
DA:16,2
DA:23,1
DA:24,1
DA:25,1
DA:26,1
DA:27,1
DA:28,1
DA:30,0
DA:32,1
DA:33,2
DA:35,2
DA:36,1
DA:37,1
DA:39,1
DA:40,3
DA:41,1
DA:44,1
DA:46,4
DA:52,3
DA:53,0
DA:59,1
DA:60,2
DA:61,1
DA:63,1
DA:64,1
DA:65,1
DA:66,1
DA:67,1
DA:68,1
DA:70,3
DA:71,3
DA:72,1
DA:75,1
DA:76,2
DA:77,1
DA:79,1
DA:80,1
DA:81,1
DA:82,1
DA:84,2
DA:85,4
DA:87,2
DA:91,1
DA:92,2
DA:96,1
DA:97,1
DA:98,1
DA:99,1
DA:100,2
DA:101,1
DA:103,0
LF:55
LH:50
end_of_record
SF:lib\infrastructure\services\muscle_fatigue_service.dart
DA:17,0
DA:18,0
DA:20,0
DA:22,0
DA:24,0
DA:31,0
DA:33,0
DA:34,0
DA:35,0
DA:36,0
DA:43,0
DA:44,0
DA:46,0
DA:54,1
DA:57,0
DA:58,0
DA:60,1
DA:62,3
DA:63,1
DA:64,1
DA:66,1
DA:68,3
DA:72,1
DA:74,1
DA:75,1
DA:76,1
DA:77,1
DA:78,1
DA:79,1
DA:80,1
DA:81,1
DA:83,1
DA:84,2
DA:85,2
DA:86,2
DA:89,2
DA:90,1
DA:91,1
DA:92,2
DA:94,1
DA:95,1
DA:96,1
DA:98,3
DA:102,0
DA:103,0
DA:107,1
DA:108,3
DA:109,2
DA:110,3
DA:111,3
DA:112,2
DA:113,2
DA:114,1
DA:115,3
DA:119,1
DA:122,1
DA:126,1
DA:127,1
DA:128,1
DA:129,1
DA:130,1
DA:131,1
DA:133,3
DA:134,1
DA:135,2
DA:136,1
DA:138,2
DA:139,1
DA:140,2
DA:141,1
DA:142,1
DA:143,1
DA:144,1
DA:145,2
DA:147,1
DA:148,1
DA:149,1
DA:150,1
DA:151,1
DA:152,1
DA:153,1
DA:154,1
DA:157,3
DA:160,2
LF:84
LH:67
end_of_record
SF:lib\infrastructure\services\training_draft_store.dart
DA:10,3
DA:23,1
DA:25,1
DA:26,1
DA:29,1
DA:31,1
DA:32,1
DA:36,1
DA:37,1
DA:38,1
DA:39,1
DA:41,1
DA:42,3
DA:44,1
DA:45,1
DA:46,1
DA:47,2
DA:49,1
DA:51,1
DA:53,0
DA:58,1
DA:60,1
DA:61,1
DA:63,2
DA:65,4
DA:70,1
DA:72,1
DA:73,1
LF:28
LH:27
end_of_record
SF:lib\models\selected_exercise.dart
DA:9,9
DA:14,2
DA:16,4
DA:17,4
DA:18,4
DA:19,4
DA:20,4
DA:21,20
DA:25,3
DA:26,3
DA:27,3
DA:28,3
DA:29,3
DA:30,3
DA:31,9
DA:32,3
LF:16
LH:16
end_of_record
SF:lib\models\serie.dart
DA:5,11
DA:7,6
DA:8,6
DA:9,6
DA:10,12
DA:14,12
DA:15,6
DA:16,6
LF:8
LH:8
end_of_record
SF:lib\models\training.dart
DA:11,8
DA:19,2
DA:20,2
DA:21,2
DA:22,2
DA:23,4
DA:24,10
DA:28,2
DA:29,2
DA:31,2
DA:32,4
DA:33,4
DA:34,2
DA:35,4
DA:36,2
LF:15
LH:15
end_of_record
SF:lib\UI\pages\exercises_by_categories.dart
DA:9,1
DA:15,1
DA:16,1
DA:22,1
DA:24,1
DA:25,3
DA:26,3
DA:29,1
DA:31,1
DA:32,1
DA:33,3
DA:34,1
DA:35,1
DA:37,0
DA:41,1
DA:42,1
DA:43,1
DA:44,1
DA:49,2
DA:52,1
DA:53,1
DA:54,1
DA:55,1
DA:56,1
DA:57,1
DA:59,2
DA:60,1
DA:61,1
DA:64,0
LF:29
LH:27
end_of_record
SF:lib\infrastructure\services\firebase\exercises_service.dart
DA:8,1
DA:9,0
DA:10,0
DA:12,1
DA:13,2
DA:14,1
DA:18,1
DA:19,1
DA:21,3
DA:22,1
DA:23,1
DA:24,1
DA:25,1
DA:29,1
DA:30,1
DA:32,4
DA:33,1
DA:36,1
DA:37,1
DA:39,1
DA:40,1
DA:42,3
DA:43,1
DA:44,1
DA:45,1
DA:46,1
DA:50,1
DA:53,1
DA:55,4
DA:56,1
DA:59,1
DA:60,1
DA:61,4
DA:63,1
DA:64,1
DA:68,1
DA:69,1
DA:70,3
DA:71,1
DA:72,1
DA:73,4
DA:74,1
DA:76,1
DA:79,1
DA:80,1
DA:81,3
DA:82,1
DA:83,1
DA:84,4
DA:85,1
DA:88,1
DA:89,1
DA:90,1
DA:91,1
DA:94,1
DA:95,1
DA:96,1
DA:97,1
DA:98,1
DA:99,1
DA:100,1
DA:102,2
DA:103,2
DA:104,3
DA:106,1
DA:109,1
DA:110,1
DA:111,1
DA:112,1
DA:113,1
DA:114,1
DA:115,1
DA:117,2
DA:118,2
DA:119,2
DA:121,1
DA:124,1
DA:125,2
DA:126,1
DA:128,2
DA:129,2
DA:130,2
DA:131,2
DA:135,3
DA:136,6
DA:137,1
DA:140,1
DA:141,1
DA:142,1
DA:143,1
DA:144,1
DA:145,1
DA:146,1
DA:147,6
DA:148,1
LF:95
LH:93
end_of_record
SF:lib\UI\pages\exercises_categories.dart
DA:9,2
DA:11,1
DA:12,1
DA:19,1
DA:21,1
DA:22,3
DA:23,3
DA:26,1
DA:28,1
DA:29,1
DA:31,1
DA:32,1
DA:34,0
DA:38,1
DA:39,1
DA:40,1
DA:41,1
DA:46,2
DA:49,1
DA:50,1
DA:51,1
DA:52,1
DA:53,1
DA:54,1
DA:55,1
DA:57,1
DA:58,1
DA:59,1
DA:60,1
DA:61,2
DA:63,1
DA:67,0
DA:69,0
LF:33
LH:30
end_of_record
SF:lib\UI\widgets\exercise_card.dart
DA:16,2
DA:27,2
DA:29,2
DA:31,2
DA:33,2
DA:35,2
DA:36,2
DA:37,2
DA:38,2
DA:39,2
DA:41,2
DA:42,2
DA:43,4
DA:50,2
DA:51,4
DA:52,2
DA:54,2
DA:61,2
DA:62,2
DA:69,2
DA:71,2
DA:72,2
DA:73,2
DA:74,2
DA:76,2
DA:78,6
DA:84,2
DA:85,2
DA:87,2
DA:89,6
DA:99,2
DA:102,6
DA:103,2
DA:104,2
DA:105,0
DA:107,2
DA:108,6
DA:109,0
DA:110,0
DA:111,2
DA:112,0
DA:113,0
DA:114,0
DA:115,0
DA:120,2
DA:121,2
LF:46
LH:39
end_of_record
SF:lib\UI\widgets\series_row.dart
DA:14,2
DA:25,2
DA:27,2
DA:29,2
DA:30,2
DA:31,2
DA:32,2
DA:33,6
DA:34,6
DA:37,2
DA:38,2
DA:39,2
DA:42,2
DA:46,2
DA:47,2
DA:48,6
DA:49,6
DA:52,2
DA:53,2
DA:54,2
DA:57,2
DA:60,2
DA:61,2
LF:23
LH:23
end_of_record
SF:lib\infrastructure\services\muscle_fatigue_calculator.dart
DA:22,2
DA:23,6
DA:24,2
DA:25,2
DA:26,6
DA:27,2
DA:31,6
DA:32,2
DA:33,0
DA:36,2
DA:37,4
DA:38,8
DA:41,4
DA:42,2
DA:45,8
DA:49,0
DA:53,2
DA:54,1
DA:55,6
DA:56,6
DA:57,2
LF:21
LH:19
end_of_record
SF:lib\models\measurement.dart
DA:9,3
DA:16,2
DA:17,2
DA:18,5
DA:19,6
DA:20,6
DA:21,6
DA:25,2
DA:26,1
DA:27,1
DA:28,1
DA:29,1
LF:12
LH:12
end_of_record
SF:lib\models\training_exercise.dart
DA:8,1
DA:14,1
DA:15,1
DA:16,1
DA:17,1
DA:18,1
DA:19,3
DA:20,1
DA:24,2
DA:25,1
DA:26,1
DA:27,5
LF:12
LH:12
end_of_record
SF:lib\models\user.dart
DA:16,1
DA:30,1
DA:31,1
DA:33,1
DA:34,1
DA:35,1
DA:36,1
DA:37,1
DA:38,1
DA:39,2
DA:40,2
DA:41,2
DA:42,2
DA:46,2
DA:47,1
DA:48,1
DA:49,1
DA:50,1
DA:51,1
DA:52,1
DA:53,1
DA:54,1
DA:55,1
DA:56,1
LF:24
LH:24
end_of_record
SF:lib\UI\pages\login_page.dart
DA:9,1
DA:11,1
DA:12,1
DA:24,1
DA:26,1
DA:27,3
DA:30,1
DA:32,2
DA:33,2
DA:34,1
DA:37,1
DA:38,1
DA:39,1
DA:40,1
DA:41,0
DA:42,0
DA:44,0
DA:46,0
DA:48,0
DA:50,0
DA:57,1
DA:58,3
DA:59,3
DA:61,2
DA:62,3
DA:66,2
DA:67,1
DA:68,1
DA:72,2
DA:73,3
DA:75,5
DA:77,4
DA:81,1
DA:83,2
DA:85,1
DA:86,1
DA:87,1
DA:88,1
DA:90,1
DA:92,1
DA:94,1
DA:97,1
DA:98,1
DA:101,1
DA:104,1
DA:108,1
DA:110,4
DA:115,1
DA:117,4
DA:118,2
DA:124,1
DA:125,1
DA:128,1
DA:129,1
DA:130,0
DA:142,1
DA:143,1
DA:144,1
DA:146,0
DA:147,1
DA:148,1
DA:149,0
DA:152,1
DA:156,1
DA:157,1
DA:158,1
DA:162,0
DA:163,0
DA:169,1
DA:171,1
DA:173,1
DA:179,1
DA:180,1
DA:181,1
DA:183,1
DA:184,1
DA:185,1
DA:188,1
DA:191,1
DA:192,1
DA:193,1
DA:194,1
DA:195,1
DA:208,1
DA:211,1
DA:213,1
DA:214,1
DA:220,1
DA:221,2
LF:89
LH:78
end_of_record
SF:lib\UI\pages\register_page.dart
DA:9,1
DA:11,1
DA:12,1
DA:24,1
DA:26,1
DA:27,3
DA:30,1
DA:31,3
DA:32,3
DA:33,3
DA:35,3
DA:36,3
DA:39,2
DA:40,1
DA:41,2
DA:46,2
DA:47,1
DA:48,1
DA:52,2
DA:57,3
DA:59,5
DA:61,4
DA:65,1
DA:66,1
DA:67,1
DA:68,1
DA:70,0
DA:72,0
DA:74,0
DA:81,1
DA:83,2
DA:84,2
DA:85,2
DA:86,1
DA:89,1
DA:91,1
DA:92,1
DA:93,1
DA:94,1
DA:96,1
DA:97,1
DA:99,1
DA:105,1
DA:106,1
DA:114,1
DA:115,1
DA:124,1
DA:125,1
DA:128,0
DA:134,2
DA:136,1
DA:137,1
DA:138,1
DA:139,3
DA:144,1
DA:145,1
DA:146,1
DA:147,1
DA:148,1
DA:151,1
DA:152,1
DA:153,0
LF:62
LH:57
end_of_record
SF:lib\infrastructure\services\firebase\auth_service.dart
DA:11,1
DA:12,0
DA:13,0
DA:15,1
DA:20,2
DA:24,1
DA:25,1
DA:26,1
DA:27,1
DA:32,1
DA:33,2
DA:37,1
DA:40,0
DA:42,3
DA:44,0
DA:48,1
DA:49,2
DA:50,1
DA:52,1
DA:55,1
DA:56,1
DA:59,4
DA:60,2
DA:61,2
DA:62,2
DA:63,1
DA:64,4
DA:66,1
DA:68,1
DA:69,2
DA:72,1
DA:74,2
DA:75,2
DA:77,2
DA:78,2
DA:79,2
DA:81,1
DA:83,3
DA:87,1
DA:89,1
DA:90,2
DA:91,1
LF:42
LH:38
end_of_record
SF:lib\UI\pages\exercise_management_by_category.dart
DA:9,1
DA:15,1
DA:17,1
DA:25,1
DA:27,1
DA:28,3
DA:29,1
DA:32,1
DA:33,2
DA:34,3
DA:35,2
DA:40,1
DA:41,1
DA:42,1
DA:43,2
DA:48,1
DA:49,1
DA:50,0
DA:53,1
DA:54,2
DA:61,1
DA:62,3
DA:63,1
DA:67,1
DA:69,2
DA:71,1
DA:72,1
DA:73,3
DA:74,1
DA:75,1
DA:77,0
DA:78,0
DA:79,0
DA:84,1
DA:85,1
DA:86,1
DA:87,1
DA:90,1
DA:92,1
DA:98,1
DA:99,1
DA:100,1
DA:101,1
DA:102,1
DA:104,2
DA:105,1
DA:106,1
DA:109,1
DA:110,2
DA:111,2
DA:113,0
DA:114,0
DA:115,0
LF:53
LH:46
end_of_record
SF:lib\UI\pages\exercise_management_categories.dart
DA:9,3
DA:11,1
DA:13,1
DA:21,1
DA:23,1
DA:24,3
DA:25,1
DA:28,1
DA:29,2
DA:30,3
DA:34,1
DA:35,1
DA:37,1
DA:38,1
DA:39,2
DA:41,1
DA:49,1
DA:50,1
DA:51,0
DA:54,1
DA:55,4
DA:62,2
DA:63,2
DA:64,1
DA:68,1
DA:69,1
DA:70,1
DA:71,2
DA:73,2
DA:77,1
DA:78,1
DA:79,0
DA:82,1
DA:83,2
DA:84,1
DA:85,3
DA:93,1
DA:94,2
DA:95,1
DA:99,1
DA:101,2
DA:103,1
DA:104,1
DA:106,1
DA:107,1
DA:109,0
DA:110,0
DA:111,0
DA:116,1
DA:117,1
DA:118,1
DA:119,1
DA:122,1
DA:124,1
DA:128,1
DA:129,1
DA:130,1
DA:131,1
DA:132,1
DA:133,1
DA:134,1
DA:136,1
DA:137,1
DA:139,2
DA:141,1
DA:142,2
DA:143,2
DA:148,0
DA:149,0
DA:151,0
DA:152,0
DA:154,0
DA:158,0
LF:73
LH:62
end_of_record
SF:lib\UI\pages\body_page.dart
DA:19,4
DA:26,1
DA:28,1
DA:30,1
DA:31,1
DA:43,1
DA:44,1
DA:45,2
DA:46,3
DA:62,1
DA:64,0
DA:65,0
DA:162,0
DA:165,0
DA:167,0
DA:168,0
DA:169,0
DA:170,0
DA:173,0
DA:174,0
DA:176,0
DA:177,0
DA:178,0
DA:179,0
DA:180,0
DA:181,0
DA:185,0
DA:186,0
DA:187,0
DA:188,0
DA:189,0
DA:190,0
DA:191,0
DA:192,0
DA:198,0
DA:199,0
DA:200,0
DA:201,0
DA:205,0
DA:207,0
DA:208,0
DA:209,0
DA:212,0
DA:214,0
DA:215,0
DA:220,0
DA:221,0
DA:224,0
DA:225,0
DA:233,0
DA:235,0
DA:236,0
DA:237,0
DA:244,0
DA:245,0
DA:247,0
DA:249,0
DA:250,0
DA:254,0
DA:259,0
DA:261,0
DA:263,0
DA:264,0
DA:265,0
DA:266,0
DA:267,0
DA:268,0
DA:277,0
DA:278,0
DA:280,0
DA:281,0
DA:284,0
DA:287,0
DA:300,1
DA:302,1
DA:303,1
DA:316,1
DA:319,1
DA:321,1
DA:322,3
DA:323,1
DA:326,1
DA:328,2
DA:329,2
DA:330,2
DA:331,2
DA:332,1
DA:335,1
DA:336,2
DA:337,0
DA:338,0
DA:339,0
DA:340,0
DA:346,1
DA:347,2
DA:348,1
DA:351,1
DA:357,1
DA:358,1
DA:359,1
DA:360,1
DA:361,1
DA:362,1
DA:366,1
DA:367,3
DA:368,3
DA:370,3
DA:371,3
DA:372,3
DA:373,3
DA:374,3
DA:376,1
DA:377,3
DA:380,2
DA:381,2
DA:382,2
DA:385,0
DA:386,0
DA:387,0
DA:388,0
DA:391,4
DA:395,0
DA:397,0
DA:398,0
DA:399,0
DA:400,0
DA:401,0
DA:404,0
DA:405,0
DA:406,0
DA:407,0
DA:412,0
DA:413,0
DA:414,0
DA:415,0
DA:420,0
DA:421,0
DA:422,0
DA:425,0
DA:426,0
DA:427,0
DA:429,0
DA:435,0
DA:438,0
DA:439,0
DA:440,0
DA:441,0
DA:442,0
DA:444,0
DA:445,0
DA:447,0
DA:448,0
DA:449,0
DA:451,0
DA:453,0
DA:454,0
DA:456,0
DA:457,0
DA:459,0
DA:461,0
DA:463,0
DA:468,0
DA:469,0
DA:470,0
DA:473,0
DA:474,0
DA:475,0
DA:477,0
DA:478,0
DA:479,0
DA:480,0
DA:481,0
DA:483,0
DA:485,0
DA:486,0
DA:487,0
DA:499,0
DA:505,0
DA:507,0
DA:509,0
DA:510,0
DA:514,1
DA:516,1
DA:517,2
DA:519,1
DA:521,1
DA:523,4
DA:525,1
DA:526,1
DA:527,1
DA:529,1
DA:530,1
DA:531,1
DA:532,1
DA:533,1
DA:534,1
DA:543,1
DA:544,1
DA:548,1
DA:549,1
DA:550,1
DA:559,1
DA:565,1
DA:566,1
DA:567,1
DA:568,1
DA:569,1
DA:578,1
DA:579,1
DA:583,1
DA:584,1
DA:585,1
DA:594,1
DA:600,1
DA:601,2
DA:602,1
DA:620,4
DA:622,1
DA:623,2
DA:624,1
DA:625,1
DA:628,2
DA:632,2
DA:633,1
DA:643,1
DA:644,3
DA:646,1
DA:648,1
DA:649,1
DA:650,1
DA:652,1
DA:655,1
DA:656,1
DA:657,2
DA:659,2
DA:660,0
DA:661,1
DA:663,1
DA:665,1
DA:667,1
DA:669,1
DA:671,1
DA:672,1
DA:674,1
DA:675,1
DA:677,3
DA:678,2
DA:680,1
DA:682,1
DA:683,1
DA:685,0
DA:686,0
DA:691,1
DA:693,0
DA:694,0
DA:697,1
DA:704,1
DA:706,1
DA:707,1
DA:709,2
DA:712,1
DA:713,1
DA:715,2
DA:718,1
DA:719,1
DA:721,2
DA:751,1
DA:757,1
DA:759,1
DA:760,1
DA:761,2
DA:763,1
DA:764,1
DA:767,2
LF:274
LH:138
end_of_record
SF:lib\UI\widgets\body_composition_chart.dart
DA:9,2
DA:11,2
DA:12,2
DA:18,2
DA:20,6
DA:28,6
DA:29,2
DA:32,2
DA:36,6
DA:37,2
DA:39,2
DA:40,2
DA:41,2
DA:43,1
DA:44,1
DA:46,1
DA:47,1
DA:51,6
DA:53,2
DA:54,2
DA:58,2
DA:59,4
DA:60,2
DA:62,0
DA:63,0
DA:64,0
DA:68,2
DA:74,2
DA:75,2
DA:78,1
DA:81,1
DA:88,2
DA:89,2
DA:91,2
DA:94,2
DA:95,2
DA:97,4
DA:98,2
DA:99,0
DA:100,0
DA:103,2
DA:105,4
DA:106,2
DA:107,1
DA:108,3
DA:111,2
DA:113,4
DA:114,2
DA:115,1
DA:116,3
DA:122,2
DA:124,2
DA:126,2
DA:127,2
DA:130,2
DA:133,2
DA:134,2
DA:135,2
DA:140,2
DA:148,2
DA:149,2
DA:152,4
DA:153,2
DA:154,2
DA:155,2
DA:156,2
DA:157,2
DA:158,4
DA:159,4
DA:160,4
DA:161,2
DA:163,2
DA:164,4
DA:176,2
DA:177,2
DA:180,2
DA:181,2
DA:182,2
DA:192,2
DA:193,2
DA:194,2
DA:201,2
DA:203,2
DA:207,2
DA:208,2
DA:209,0
DA:210,0
DA:211,0
DA:212,0
DA:215,0
LF:90
LH:80
end_of_record
SF:lib\infrastructure\services\firebase\corporal_service.dart
DA:8,2
DA:9,0
DA:10,0
DA:12,2
DA:13,4
DA:14,1
DA:17,2
DA:18,2
DA:19,4
DA:20,2
DA:21,8
DA:27,2
DA:28,4
DA:31,2
DA:32,2
DA:33,4
DA:34,2
DA:35,2
DA:36,2
DA:39,2
DA:40,4
DA:44,2
DA:45,2
DA:46,4
DA:47,2
DA:48,2
DA:49,2
DA:50,2
DA:52,4
DA:53,3
DA:61,1
DA:62,2
DA:63,1
DA:66,1
DA:67,1
DA:68,2
DA:69,1
DA:70,1
DA:71,1
DA:77,1
DA:78,2
DA:79,1
DA:82,1
DA:83,1
DA:84,2
DA:85,1
DA:86,1
DA:87,1
LF:48
LH:46
end_of_record
SF:lib\UI\pages\add_exercise_page.dart
DA:9,1
DA:11,1
DA:12,1
DA:24,1
DA:26,1
DA:27,3
DA:28,2
DA:29,5
DA:30,5
DA:31,5
DA:33,1
DA:36,1
DA:38,2
DA:39,1
DA:40,2
DA:41,1
DA:42,1
DA:45,0
DA:46,0
DA:47,0
DA:51,1
DA:52,1
DA:53,3
DA:54,3
DA:55,4
DA:57,3
DA:59,2
DA:60,1
DA:64,3
DA:66,1
DA:71,2
DA:72,3
DA:74,2
DA:76,3
DA:78,1
DA:80,4
DA:84,1
DA:85,1
DA:86,1
DA:87,1
DA:88,3
DA:91,1
DA:93,2
DA:94,2
DA:95,2
DA:96,1
DA:99,1
DA:101,1
DA:102,1
DA:103,1
DA:104,2
DA:106,1
DA:108,0
DA:111,1
DA:113,1
DA:115,1
DA:116,1
DA:117,1
DA:118,1
DA:125,1
DA:126,1
DA:133,1
DA:134,1
DA:135,2
DA:137,1
DA:138,3
DA:139,2
DA:140,3
DA:141,2
DA:145,1
DA:146,2
DA:149,1
DA:150,1
DA:158,1
DA:159,2
DA:165,1
DA:166,2
DA:167,1
DA:168,2
LF:79
LH:75
end_of_record
SF:lib\UI\pages\grafics_page.dart
DA:8,2
DA:13,4
DA:14,4
DA:15,10
DA:16,1
DA:17,2
DA:20,4
DA:22,10
DA:25,4
DA:27,8
DA:28,2
DA:31,2
DA:36,4
DA:37,4
DA:38,10
DA:39,1
DA:40,2
DA:43,4
DA:44,2
DA:47,4
DA:49,6
DA:51,6
DA:53,4
DA:55,8
DA:56,2
DA:62,3
DA:64,1
DA:65,1
DA:76,1
DA:78,1
DA:79,3
DA:80,1
DA:83,1
DA:84,2
DA:85,1
DA:86,1
DA:89,2
DA:90,1
DA:91,2
DA:92,1
DA:93,1
DA:96,1
DA:97,2
DA:98,1
DA:99,1
DA:104,1
DA:105,1
DA:106,3
DA:107,3
DA:108,1
DA:109,1
DA:110,1
DA:114,1
DA:116,1
DA:119,1
DA:120,1
DA:121,1
DA:122,1
DA:124,1
DA:126,1
DA:127,1
DA:136,1
DA:137,1
DA:138,2
DA:139,3
DA:140,3
DA:142,1
DA:143,1
DA:145,1
DA:146,1
DA:147,1
DA:149,1
DA:151,1
DA:152,4
DA:153,1
DA:154,1
DA:155,3
DA:159,1
DA:167,1
DA:168,1
DA:169,2
DA:170,2
DA:175,1
DA:176,1
DA:178,1
DA:179,2
DA:180,1
DA:181,1
LF:88
LH:88
end_of_record
SF:lib\UI\widgets\volume_chart.dart
DA:7,2
DA:9,2
DA:11,4
DA:14,4
DA:15,6
DA:17,2
DA:24,4
DA:25,4
DA:26,2
DA:27,2
DA:31,2
DA:32,3
DA:33,2
DA:34,6
DA:37,8
DA:39,2
DA:40,2
DA:43,2
DA:46,3
DA:47,2
DA:48,4
DA:51,2
DA:52,2
DA:53,2
DA:57,2
DA:58,2
DA:59,6
DA:60,4
DA:61,2
DA:63,2
DA:64,6
DA:65,2
DA:67,2
DA:76,2
DA:77,2
DA:81,3
DA:82,2
DA:83,2
DA:84,4
DA:85,2
DA:87,2
DA:100,2
DA:101,2
DA:102,2
DA:103,2
DA:104,6
DA:105,2
DA:106,2
DA:107,6
DA:113,2
DA:115,2
DA:117,4
DA:121,2
DA:122,2
DA:123,0
DA:124,0
DA:125,0
DA:126,0
DA:127,0
DA:128,0
DA:129,0
DA:130,0
DA:134,0
LF:63
LH:54
end_of_record
SF:lib\UI\widgets\average_weight.dart
DA:7,1
DA:9,2
DA:11,4
DA:14,4
DA:15,2
DA:17,2
DA:24,2
DA:25,2
DA:26,1
DA:27,1
DA:31,1
DA:32,1
DA:33,1
DA:34,3
DA:37,4
DA:39,1
DA:40,1
DA:43,1
DA:46,1
DA:47,1
DA:48,2
DA:51,1
DA:52,1
DA:53,1
DA:57,1
DA:58,1
DA:59,3
DA:60,2
DA:61,1
DA:63,1
DA:64,3
DA:65,1
DA:67,1
DA:76,1
DA:77,1
DA:81,1
DA:82,1
DA:83,1
DA:84,2
DA:85,1
DA:87,1
DA:100,1
DA:101,1
DA:102,1
DA:103,1
DA:104,3
DA:105,1
DA:106,1
DA:107,3
DA:113,1
DA:115,1
DA:117,2
DA:121,1
DA:122,1
DA:123,0
DA:124,0
DA:125,0
DA:126,0
DA:127,0
DA:128,0
DA:129,0
DA:130,0
DA:134,0
LF:63
LH:54
end_of_record
SF:lib\UI\pages\ia_chat.dart
DA:12,3
DA:14,1
DA:15,1
DA:27,3
DA:29,1
DA:31,1
DA:32,3
DA:33,3
DA:34,1
DA:37,1
DA:39,1
DA:40,2
DA:42,1
DA:43,1
DA:44,2
DA:45,2
DA:46,2
DA:47,1
DA:48,2
DA:49,1
DA:50,5
DA:56,1
DA:62,1
DA:64,1
DA:66,3
DA:67,0
DA:68,1
DA:69,3
DA:75,1
DA:76,2
DA:77,2
DA:78,3
DA:79,0
DA:82,1
DA:83,1
DA:86,1
DA:87,3
DA:88,2
DA:90,2
DA:91,3
DA:99,1
DA:100,1
DA:101,3
DA:102,1
DA:103,1
DA:104,1
DA:105,0
DA:106,0
DA:107,0
DA:110,1
DA:111,2
DA:112,2
DA:113,3
DA:116,1
DA:119,2
DA:120,2
DA:121,1
DA:122,3
DA:124,4
DA:128,1
DA:130,2
DA:131,2
DA:132,1
DA:135,1
DA:137,2
DA:139,1
DA:140,1
DA:141,1
DA:142,1
DA:143,1
DA:144,1
DA:146,2
DA:147,1
DA:148,2
DA:149,2
DA:150,1
DA:156,1
DA:158,1
DA:159,2
DA:160,1
DA:162,1
DA:163,1
DA:164,1
DA:166,1
DA:167,1
DA:177,1
DA:178,0
DA:182,1
DA:184,1
DA:185,1
DA:186,1
DA:187,1
DA:188,1
DA:195,1
DA:198,1
DA:199,2
DA:200,2
LF:97
LH:91
end_of_record
SF:lib\infrastructure\services\coach_service.dart
DA:11,3
DA:13,0
DA:14,0
DA:23,1
DA:40,0
DA:42,0
DA:44,0
DA:46,0
DA:47,0
DA:48,0
DA:51,0
DA:52,0
DA:53,0
DA:54,0
DA:55,0
DA:56,0
DA:58,0
DA:60,0
DA:61,0
DA:64,0
DA:83,0
DA:93,1
DA:97,0
DA:98,0
DA:99,0
DA:101,1
DA:105,2
DA:110,1
DA:111,1
DA:114,2
DA:121,2
DA:122,1
DA:123,1
DA:124,1
DA:125,1
DA:126,1
DA:127,1
DA:128,1
DA:129,1
DA:130,1
DA:131,1
DA:132,1
DA:133,1
DA:134,1
DA:135,1
DA:138,1
DA:139,5
DA:141,1
DA:142,5
DA:145,2
DA:146,1
DA:150,1
DA:152,1
DA:153,1
DA:157,1
DA:161,1
DA:165,1
DA:167,1
DA:168,3
DA:173,3
LF:60
LH:38
end_of_record
SF:lib\UI\pages\settings_page.dart
DA:9,4
DA:11,1
DA:12,1
DA:14,1
DA:16,1
DA:18,1
DA:21,0
DA:28,2
DA:29,1
DA:30,2
DA:31,1
DA:33,1
DA:34,2
DA:35,1
DA:37,4
DA:41,1
DA:42,1
DA:43,1
DA:44,1
DA:45,1
DA:47,0
DA:49,0
DA:56,1
DA:58,2
DA:60,1
DA:61,1
DA:62,1
DA:63,1
DA:64,1
DA:65,1
DA:67,2
DA:69,2
DA:70,2
DA:79,3
DA:81,1
DA:82,1
DA:89,1
DA:91,2
DA:92,1
DA:95,1
DA:97,1
DA:99,1
DA:100,1
DA:101,1
DA:104,1
DA:111,1
DA:112,1
DA:119,2
DA:126,1
DA:127,1
DA:128,0
DA:131,1
DA:132,1
DA:133,4
DA:134,3
DA:136,1
DA:137,3
LF:57
LH:53
end_of_record
SF:lib\UI\widgets\main_scaffold.dart
DA:11,1
DA:18,3
DA:19,1
DA:20,1
DA:21,1
DA:22,1
DA:25,1
DA:27,1
DA:28,3
DA:29,2
DA:30,3
DA:32,2
DA:34,4
DA:36,2
DA:37,2
DA:38,1
DA:40,1
DA:41,2
DA:42,1
DA:43,1
DA:45,1
DA:46,1
DA:47,1
DA:48,2
DA:50,1
DA:52,1
DA:53,1
DA:55,2
DA:56,0
DA:58,2
DA:63,1
DA:65,2
DA:71,1
DA:74,1
DA:75,2
DA:76,0
DA:77,0
DA:81,1
DA:83,1
DA:85,1
DA:86,1
DA:87,0
DA:89,1
DA:90,1
DA:92,1
DA:94,0
DA:100,1
DA:103,1
DA:104,1
DA:105,1
DA:108,1
DA:111,1
DA:112,1
DA:113,2
DA:114,0
DA:115,0
DA:121,1
DA:122,1
DA:123,2
DA:127,1
DA:130,1
DA:131,5
DA:132,1
DA:133,2
DA:134,1
DA:135,1
DA:136,2
DA:137,2
DA:138,1
DA:141,1
LF:70
LH:63
end_of_record
SF:lib\infrastructure\services\theme_notifier.dart
DA:5,9
DA:6,6
DA:8,6
DA:9,3
DA:12,3
DA:13,3
DA:14,3
DA:17,3
DA:18,2
DA:20,1
DA:21,1
DA:24,0
DA:28,1
DA:29,1
DA:30,1
DA:31,2
DA:34,1
DA:35,2
DA:37,0
DA:38,0
DA:42,3
LF:21
LH:18
end_of_record
SF:lib\firebase_options.dart
DA:18,0
DA:22,0
DA:23,0
DA:25,0
DA:27,0
DA:29,0
DA:31,0
DA:32,0
DA:37,0
LF:9
LH:0
end_of_record
SF:lib\infrastructure\services\ai_context_formatter.dart
DA:6,2
DA:9,2
DA:11,4
DA:12,5
DA:13,8
DA:15,2
DA:16,2
DA:18,3
DA:19,1
DA:20,1
DA:21,1
DA:22,1
DA:25,1
DA:26,1
DA:27,1
DA:28,2
DA:29,1
DA:30,2
DA:31,2
DA:32,1
DA:33,3
DA:37,3
DA:40,4
DA:43,2
DA:44,4
DA:49,2
DA:52,2
DA:54,4
DA:55,2
DA:56,4
DA:57,4
DA:58,2
DA:61,4
DA:64,2
DA:67,4
DA:70,2
DA:71,10
DA:75,2
DA:76,4
DA:81,2
DA:82,2
DA:84,2
DA:85,4
DA:86,2
DA:87,2
DA:88,2
DA:89,6
DA:90,2
DA:91,2
DA:92,4
DA:95,4
DA:96,0
DA:98,2
DA:100,4
DA:101,4
DA:102,2
DA:103,2
DA:108,2
DA:109,2
DA:110,4
DA:111,0
DA:114,2
DA:116,2
DA:117,2
DA:118,1
DA:121,0
DA:125,8
DA:128,2
DA:129,6
DA:130,6
DA:133,2
DA:134,4
DA:135,2
DA:138,2
DA:139,9
DA:142,2
DA:148,2
DA:149,6
LF:78
LH:75
end_of_record
SF:lib\infrastructure\services\firebase\auth_state_notifier.dart
DA:10,1
DA:11,1
DA:12,2
DA:15,1
DA:16,1
DA:17,1
DA:21,2
DA:23,1
DA:25,2
DA:26,1
LF:10
LH:10
end_of_record
SF:lib\main.dart
DA:13,0
DA:14,0
DA:16,0
DA:17,0
DA:18,0
DA:21,0
DA:24,0
DA:25,0
DA:30,0
DA:32,0
DA:35,0
DA:36,0
DA:38,0
DA:42,3
DA:44,1
DA:65,0
DA:68,0
DA:69,0
DA:75,0
DA:76,0
DA:81,0
DA:82,0
DA:83,0
DA:88,0
DA:89,0
DA:90,0
DA:95,0
DA:96,0
DA:97,0
DA:98,0
DA:103,3
DA:105,1
DA:107,1
DA:108,1
DA:110,1
DA:111,1
DA:114,1
DA:115,1
DA:117,1
LF:39
LH:11
end_of_record
SF:lib\theme\theme.dart
DA:7,0
DA:9,2
DA:10,1
DA:11,2
DA:12,1
DA:19,1
DA:20,1
DA:23,1
DA:24,1
DA:25,1
DA:26,1
DA:27,1
DA:28,1
DA:29,1
DA:30,1
DA:31,1
DA:32,1
DA:33,1
DA:34,1
DA:35,1
DA:36,1
DA:38,1
DA:39,1
DA:40,1
DA:41,1
DA:42,1
DA:45,1
DA:47,1
DA:51,1
DA:52,1
DA:54,1
DA:55,1
DA:56,1
DA:59,2
DA:60,2
DA:62,1
DA:63,1
DA:65,2
DA:67,1
DA:68,1
DA:71,1
DA:72,1
DA:73,1
DA:74,2
DA:77,1
DA:78,2
DA:79,2
DA:80,1
DA:81,1
DA:82,2
DA:85,1
DA:86,1
DA:87,1
DA:88,1
DA:91,1
DA:92,1
DA:96,1
DA:97,1
DA:98,1
DA:99,1
DA:101,1
DA:102,1
DA:106,1
DA:107,1
DA:108,1
DA:111,2
DA:112,2
DA:113,1
DA:114,1
DA:115,0
DA:116,0
DA:118,1
DA:119,0
DA:120,0
DA:121,0
DA:123,1
DA:124,0
DA:126,0
DA:134,1
DA:135,1
DA:136,2
DA:137,2
DA:139,2
DA:141,1
DA:142,1
DA:145,1
DA:146,2
DA:147,2
DA:148,2
DA:149,2
DA:150,2
DA:151,2
DA:152,3
DA:153,2
DA:155,1
DA:156,1
DA:158,2
DA:160,1
DA:162,2
DA:165,1
DA:167,2
DA:170,1
DA:172,2
DA:174,1
DA:176,2
DA:179,1
LF:106
LH:98
end_of_record
SF:lib\router.dart
DA:19,1
DA:21,0
DA:22,0
DA:25,0
DA:26,0
DA:28,0
DA:29,0
DA:30,0
DA:32,0
DA:34,0
DA:36,0
DA:37,0
DA:38,0
DA:39,0
DA:42,0
DA:44,0
DA:46,0
DA:48,0
DA:49,0
DA:50,0
DA:53,0
DA:55,0
DA:56,0
DA:57,0
DA:60,0
DA:62,0
DA:64,0
DA:66,0
DA:68,0
DA:69,0
DA:70,0
DA:72,0
DA:73,0
DA:75,0
DA:77,0
DA:79,0
DA:81,0
DA:83,0
DA:85,0
DA:87,0
DA:95,1
DA:96,4
LF:42
LH:3
end_of_record
SF:lib\theme\app_colors.dart
DA:36,3
DA:105,0
DA:106,0
DA:108,0
DA:125,0
DA:126,0
DA:127,0
DA:128,0
DA:129,0
DA:130,0
DA:131,0
DA:132,0
DA:133,0
DA:134,0
DA:135,0
DA:136,0
DA:137,0
DA:138,0
DA:139,0
DA:143,0
DA:145,0
DA:146,0
DA:147,0
DA:148,0
DA:149,0
DA:150,0
DA:151,0
DA:152,0
DA:153,0
DA:154,0
DA:155,0
DA:156,0
DA:157,0
DA:158,0
DA:160,0
DA:162,0
LF:36
LH:1
end_of_record
